android/app/build/intermediates/manifest_merge_blame_file/debug/manifest-merger-blame-debug-report.txt
1<?xml version="1.0" encoding="utf-8"?>
2<manifest xmlns:android="http://schemas.android.com/apk/res/android"
3    package="com.businessapp"
4    android:versionCode="1"
5    android:versionName="1.0" >
6
7    <uses-sdk
8        android:minSdkVersion="21"
9        android:targetSdkVersion="31" />
10
11    <uses-permission android:name="android.permission.SYSTEM_ALERT_WINDOW" />
11-->src/debug/AndroidManifest.xml:5:5-77
11-->src/debug/AndroidManifest.xml:5:22-75
12    <uses-permission android:name="android.permission.INTERNET" />
12-->src/main/AndroidManifest.xml:4:5-67
12-->src/main/AndroidManifest.xml:4:22-64
13    <uses-permission android:name="android.permission.ACCESS_COARSE_LOCATION" />
13-->src/main/AndroidManifest.xml:5:5-80
13-->src/main/AndroidManifest.xml:5:22-78
14
15    <queries>
15-->src/main/AndroidManifest.xml:34:5-127:15
16        <intent>
16-->src/main/AndroidManifest.xml:35:7-38:16
17            <action android:name="android.intent.action.VIEW" />
17-->src/main/AndroidManifest.xml:36:9-61
17-->src/main/AndroidManifest.xml:36:17-58
18
19            <data android:scheme="http" />
19-->src/main/AndroidManifest.xml:37:9-38
19-->src/main/AndroidManifest.xml:37:15-36
20        </intent>
21        <intent>
21-->src/main/AndroidManifest.xml:39:7-42:16
22            <action android:name="android.intent.action.VIEW" />
22-->src/main/AndroidManifest.xml:36:9-61
22-->src/main/AndroidManifest.xml:36:17-58
23
24            <data android:scheme="https" />
24-->src/main/AndroidManifest.xml:37:9-38
24-->src/main/AndroidManifest.xml:37:15-36
25        </intent>
26        <intent>
26-->src/main/AndroidManifest.xml:43:7-46:16
27            <action android:name="android.intent.action.VIEW" />
27-->src/main/AndroidManifest.xml:36:9-61
27-->src/main/AndroidManifest.xml:36:17-58
28
29            <data android:scheme="geo" />
29-->src/main/AndroidManifest.xml:37:9-38
29-->src/main/AndroidManifest.xml:37:15-36
30        </intent>
31        <intent>
31-->src/main/AndroidManifest.xml:47:7-50:16
32            <action android:name="android.intent.action.VIEW" />
32-->src/main/AndroidManifest.xml:36:9-61
32-->src/main/AndroidManifest.xml:36:17-58
33
34            <data android:scheme="google.navigation" />
34-->src/main/AndroidManifest.xml:37:9-38
34-->src/main/AndroidManifest.xml:37:15-36
35        </intent>
36        <intent>
36-->src/main/AndroidManifest.xml:51:7-54:16
37            <action android:name="android.intent.action.VIEW" />
37-->src/main/AndroidManifest.xml:36:9-61
37-->src/main/AndroidManifest.xml:36:17-58
38
39            <data android:scheme="applemaps" />
39-->src/main/AndroidManifest.xml:37:9-38
39-->src/main/AndroidManifest.xml:37:15-36
40        </intent>
41        <intent>
41-->src/main/AndroidManifest.xml:55:7-58:16
42            <action android:name="android.intent.action.VIEW" />
42-->src/main/AndroidManifest.xml:36:9-61
42-->src/main/AndroidManifest.xml:36:17-58
43
44            <data android:scheme="citymapper" />
44-->src/main/AndroidManifest.xml:37:9-38
44-->src/main/AndroidManifest.xml:37:15-36
45        </intent>
46        <intent>
46-->src/main/AndroidManifest.xml:59:7-62:16
47            <action android:name="android.intent.action.VIEW" />
47-->src/main/AndroidManifest.xml:36:9-61
47-->src/main/AndroidManifest.xml:36:17-58
48
49            <data android:scheme="uber" />
49-->src/main/AndroidManifest.xml:37:9-38
49-->src/main/AndroidManifest.xml:37:15-36
50        </intent>
51        <intent>
51-->src/main/AndroidManifest.xml:63:7-66:16
52            <action android:name="android.intent.action.VIEW" />
52-->src/main/AndroidManifest.xml:36:9-61
52-->src/main/AndroidManifest.xml:36:17-58
53
54            <data android:scheme="lyft" />
54-->src/main/AndroidManifest.xml:37:9-38
54-->src/main/AndroidManifest.xml:37:15-36
55        </intent>
56        <intent>
56-->src/main/AndroidManifest.xml:67:7-70:16
57            <action android:name="android.intent.action.VIEW" />
57-->src/main/AndroidManifest.xml:36:9-61
57-->src/main/AndroidManifest.xml:36:17-58
58
59            <data android:scheme="transit" />
59-->src/main/AndroidManifest.xml:37:9-38
59-->src/main/AndroidManifest.xml:37:15-36
60        </intent>
61        <intent>
61-->src/main/AndroidManifest.xml:71:7-74:16
62            <action android:name="android.intent.action.VIEW" />
62-->src/main/AndroidManifest.xml:36:9-61
62-->src/main/AndroidManifest.xml:36:17-58
63
64            <data android:scheme="truckmap" />
64-->src/main/AndroidManifest.xml:37:9-38
64-->src/main/AndroidManifest.xml:37:15-36
65        </intent>
66        <intent>
66-->src/main/AndroidManifest.xml:75:7-78:16
67            <action android:name="android.intent.action.VIEW" />
67-->src/main/AndroidManifest.xml:36:9-61
67-->src/main/AndroidManifest.xml:36:17-58
68
69            <data android:scheme="waze" />
69-->src/main/AndroidManifest.xml:37:9-38
69-->src/main/AndroidManifest.xml:37:15-36
70        </intent>
71        <intent>
71-->src/main/AndroidManifest.xml:79:7-82:16
72            <action android:name="android.intent.action.VIEW" />
72-->src/main/AndroidManifest.xml:36:9-61
72-->src/main/AndroidManifest.xml:36:17-58
73
74            <data android:scheme="yandexnavi" />
74-->src/main/AndroidManifest.xml:37:9-38
74-->src/main/AndroidManifest.xml:37:15-36
75        </intent>
76        <intent>
76-->src/main/AndroidManifest.xml:83:7-86:16
77            <action android:name="android.intent.action.VIEW" />
77-->src/main/AndroidManifest.xml:36:9-61
77-->src/main/AndroidManifest.xml:36:17-58
78
79            <data android:scheme="moovit" />
79-->src/main/AndroidManifest.xml:37:9-38
79-->src/main/AndroidManifest.xml:37:15-36
80        </intent>
81        <intent>
81-->src/main/AndroidManifest.xml:87:7-90:16
82            <action android:name="android.intent.action.VIEW" />
82-->src/main/AndroidManifest.xml:36:9-61
82-->src/main/AndroidManifest.xml:36:17-58
83
84            <data android:scheme="yandexmaps://maps.yandex." />
84-->src/main/AndroidManifest.xml:37:9-38
84-->src/main/AndroidManifest.xml:37:15-36
85        </intent>
86        <intent>
86-->src/main/AndroidManifest.xml:91:7-94:16
87            <action android:name="android.intent.action.VIEW" />
87-->src/main/AndroidManifest.xml:36:9-61
87-->src/main/AndroidManifest.xml:36:17-58
88
89            <data android:scheme="yandextaxi" />
89-->src/main/AndroidManifest.xml:37:9-38
89-->src/main/AndroidManifest.xml:37:15-36
90        </intent>
91        <intent>
91-->src/main/AndroidManifest.xml:95:7-98:16
92            <action android:name="android.intent.action.VIEW" />
92-->src/main/AndroidManifest.xml:36:9-61
92-->src/main/AndroidManifest.xml:36:17-58
93
94            <data android:scheme="kakaomap" />
94-->src/main/AndroidManifest.xml:37:9-38
94-->src/main/AndroidManifest.xml:37:15-36
95        </intent>
96        <intent>
96-->src/main/AndroidManifest.xml:99:7-102:16
97            <action android:name="android.intent.action.VIEW" />
97-->src/main/AndroidManifest.xml:36:9-61
97-->src/main/AndroidManifest.xml:36:17-58
98
99            <data android:scheme="mapycz" />
99-->src/main/AndroidManifest.xml:37:9-38
99-->src/main/AndroidManifest.xml:37:15-36
100        </intent>
101        <intent>
101-->src/main/AndroidManifest.xml:103:7-106:16
102            <action android:name="android.intent.action.VIEW" />
102-->src/main/AndroidManifest.xml:36:9-61
102-->src/main/AndroidManifest.xml:36:17-58
103
104            <data android:scheme="mapsme" />
104-->src/main/AndroidManifest.xml:37:9-38
104-->src/main/AndroidManifest.xml:37:15-36
105        </intent>
106        <intent>
106-->src/main/AndroidManifest.xml:107:7-110:16
107            <action android:name="android.intent.action.VIEW" />
107-->src/main/AndroidManifest.xml:36:9-61
107-->src/main/AndroidManifest.xml:36:17-58
108
109            <data android:scheme="osmand.geo" />
109-->src/main/AndroidManifest.xml:37:9-38
109-->src/main/AndroidManifest.xml:37:15-36
110        </intent>
111        <intent>
111-->src/main/AndroidManifest.xml:111:7-114:16
112            <action android:name="android.intent.action.VIEW" />
112-->src/main/AndroidManifest.xml:36:9-61
112-->src/main/AndroidManifest.xml:36:17-58
113
114            <data android:scheme="gett" />
114-->src/main/AndroidManifest.xml:37:9-38
114-->src/main/AndroidManifest.xml:37:15-36
115        </intent>
116        <intent>
116-->src/main/AndroidManifest.xml:115:7-118:16
117            <action android:name="android.intent.action.VIEW" />
117-->src/main/AndroidManifest.xml:36:9-61
117-->src/main/AndroidManifest.xml:36:17-58
118
119            <data android:scheme="nmap" />
119-->src/main/AndroidManifest.xml:37:9-38
119-->src/main/AndroidManifest.xml:37:15-36
120        </intent>
121        <intent>
121-->src/main/AndroidManifest.xml:119:7-122:16
122            <action android:name="android.intent.action.VIEW" />
122-->src/main/AndroidManifest.xml:36:9-61
122-->src/main/AndroidManifest.xml:36:17-58
123
124            <data android:scheme="dgis" />
124-->src/main/AndroidManifest.xml:37:9-38
124-->src/main/AndroidManifest.xml:37:15-36
125        </intent>
126        <intent>
126-->src/main/AndroidManifest.xml:123:7-126:16
127            <action android:name="android.intent.action.VIEW" />
127-->src/main/AndroidManifest.xml:36:9-61
127-->src/main/AndroidManifest.xml:36:17-58
128
129            <data android:scheme="lftgpas" />
129-->src/main/AndroidManifest.xml:37:9-38
129-->src/main/AndroidManifest.xml:37:15-36
130        </intent>
131        <!-- Needs to be explicitly declared on Android R+ -->
132        <package android:name="com.google.android.apps.maps" />
132-->[com.google.android.gms:play-services-maps:18.0.0] AndroidManifest.xml:33:9-64
132-->[com.google.android.gms:play-services-maps:18.0.0] AndroidManifest.xml:33:18-61
133    </queries>
134
135    <uses-permission android:name="android.permission.ACCESS_WIFI_STATE" />
135-->[com.facebook.flipper:flipper:0.75.1] AndroidManifest.xml:16:5-76
135-->[com.facebook.flipper:flipper:0.75.1] AndroidManifest.xml:16:22-73
136    <uses-permission android:name="android.permission.ACCESS_NETWORK_STATE" />
136-->[:react-native-community_netinfo] AndroidManifest.xml:9:5-79
136-->[:react-native-community_netinfo] AndroidManifest.xml:9:22-76
137    <uses-permission android:name="android.permission.WAKE_LOCK" />
137-->[:react-native-background-timer] AndroidManifest.xml:11:5-68
137-->[:react-native-background-timer] AndroidManifest.xml:11:22-65
138    <uses-permission android:name="android.permission.BLUETOOTH_ADMIN" />
138-->[:tp-react-native-bluetooth-printer] AndroidManifest.xml:12:5-74
138-->[:tp-react-native-bluetooth-printer] AndroidManifest.xml:12:22-71
139    <uses-permission android:name="android.permission.BLUETOOTH" />
139-->[:tp-react-native-bluetooth-printer] AndroidManifest.xml:13:5-68
139-->[:tp-react-native-bluetooth-printer] AndroidManifest.xml:13:22-65
140    <uses-permission android:name="android.permission.BLUETOOTH_CONNECT" />
140-->[:tp-react-native-bluetooth-printer] AndroidManifest.xml:14:5-76
140-->[:tp-react-native-bluetooth-printer] AndroidManifest.xml:14:22-73
141    <uses-permission android:name="android.permission.BLUETOOTH_SCAN" />
141-->[:tp-react-native-bluetooth-printer] AndroidManifest.xml:15:5-73
141-->[:tp-react-native-bluetooth-printer] AndroidManifest.xml:15:22-70
142    <uses-permission android:name="android.permission.ACCESS_FINE_LOCATION" /> <!-- Create a unique permission for your app and use it so only your app can receive your OneSignal messages. -->
142-->[:tp-react-native-bluetooth-printer] AndroidManifest.xml:17:5-79
142-->[:tp-react-native-bluetooth-printer] AndroidManifest.xml:17:22-76
143    <permission
143-->[com.onesignal:OneSignal:4.8.2] AndroidManifest.xml:7:5-9:47
144        android:name="com.businessapp.permission.C2D_MESSAGE"
144-->[com.onesignal:OneSignal:4.8.2] AndroidManifest.xml:8:9-63
145        android:protectionLevel="signature" />
145-->[com.onesignal:OneSignal:4.8.2] AndroidManifest.xml:9:9-44
146
147    <uses-permission android:name="com.businessapp.permission.C2D_MESSAGE" /> <!-- OneSignal SDK has runtime checks Android version. -->
147-->[com.onesignal:OneSignal:4.8.2] AndroidManifest.xml:11:5-79
147-->[com.onesignal:OneSignal:4.8.2] AndroidManifest.xml:11:22-76
148    <!-- <uses-sdk tools:overrideLibrary="android.support.customtabs"/> -->
149    <!-- Required runtime permission to display notifications on Android 13 -->
150    <uses-permission android:name="android.permission.POST_NOTIFICATIONS" /> <!-- c2dm RECEIVE are basic requirements for push messages through Google's FCM -->
150-->[com.onesignal:OneSignal:4.8.2] AndroidManifest.xml:16:5-77
150-->[com.onesignal:OneSignal:4.8.2] AndroidManifest.xml:16:22-74
151    <uses-permission android:name="com.google.android.c2dm.permission.RECEIVE" />
151-->[com.onesignal:OneSignal:4.8.2] AndroidManifest.xml:18:5-82
151-->[com.onesignal:OneSignal:4.8.2] AndroidManifest.xml:18:22-79
152    <!--
153 Required so the device vibrates on receiving a push notification.
154         Vibration settings of the device still apply.
155    -->
156    <uses-permission android:name="android.permission.VIBRATE" />
156-->[com.onesignal:OneSignal:4.8.2] AndroidManifest.xml:24:5-66
156-->[com.onesignal:OneSignal:4.8.2] AndroidManifest.xml:24:22-63
157    <!--
158 Use to restore notifications the user hasn't interacted with.
159         They could be missed notifications if the user reboots their device if this isn't in place.
160    -->
161    <uses-permission android:name="android.permission.RECEIVE_BOOT_COMPLETED" /> <!-- START: ShortcutBadger -->
161-->[com.onesignal:OneSignal:4.8.2] AndroidManifest.xml:30:5-81
161-->[com.onesignal:OneSignal:4.8.2] AndroidManifest.xml:30:22-78
162    <!-- Samsung -->
163    <uses-permission android:name="com.sec.android.provider.badge.permission.READ" />
163-->[com.onesignal:OneSignal:4.8.2] AndroidManifest.xml:32:5-86
163-->[com.onesignal:OneSignal:4.8.2] AndroidManifest.xml:32:22-83
164    <uses-permission android:name="com.sec.android.provider.badge.permission.WRITE" /> <!-- HTC -->
164-->[com.onesignal:OneSignal:4.8.2] AndroidManifest.xml:33:5-87
164-->[com.onesignal:OneSignal:4.8.2] AndroidManifest.xml:33:22-84
165    <uses-permission android:name="com.htc.launcher.permission.READ_SETTINGS" />
165-->[com.onesignal:OneSignal:4.8.2] AndroidManifest.xml:34:5-81
165-->[com.onesignal:OneSignal:4.8.2] AndroidManifest.xml:34:22-78
166    <uses-permission android:name="com.htc.launcher.permission.UPDATE_SHORTCUT" /> <!-- Sony -->
166-->[com.onesignal:OneSignal:4.8.2] AndroidManifest.xml:35:5-83
166-->[com.onesignal:OneSignal:4.8.2] AndroidManifest.xml:35:22-80
167    <uses-permission android:name="com.sonyericsson.home.permission.BROADCAST_BADGE" />
167-->[com.onesignal:OneSignal:4.8.2] AndroidManifest.xml:36:5-88
167-->[com.onesignal:OneSignal:4.8.2] AndroidManifest.xml:36:22-85
168    <uses-permission android:name="com.sonymobile.home.permission.PROVIDER_INSERT_BADGE" /> <!-- Apex -->
168-->[com.onesignal:OneSignal:4.8.2] AndroidManifest.xml:37:5-92
168-->[com.onesignal:OneSignal:4.8.2] AndroidManifest.xml:37:22-89
169    <uses-permission android:name="com.anddoes.launcher.permission.UPDATE_COUNT" /> <!-- Solid -->
169-->[com.onesignal:OneSignal:4.8.2] AndroidManifest.xml:38:5-84
169-->[com.onesignal:OneSignal:4.8.2] AndroidManifest.xml:38:22-81
170    <uses-permission android:name="com.majeur.launcher.permission.UPDATE_BADGE" /> <!-- Huawei -->
170-->[com.onesignal:OneSignal:4.8.2] AndroidManifest.xml:39:5-83
170-->[com.onesignal:OneSignal:4.8.2] AndroidManifest.xml:39:22-80
171    <uses-permission android:name="com.huawei.android.launcher.permission.CHANGE_BADGE" />
171-->[com.onesignal:OneSignal:4.8.2] AndroidManifest.xml:40:5-91
171-->[com.onesignal:OneSignal:4.8.2] AndroidManifest.xml:40:22-88
172    <uses-permission android:name="com.huawei.android.launcher.permission.READ_SETTINGS" />
172-->[com.onesignal:OneSignal:4.8.2] AndroidManifest.xml:41:5-92
172-->[com.onesignal:OneSignal:4.8.2] AndroidManifest.xml:41:22-89
173    <uses-permission android:name="com.huawei.android.launcher.permission.WRITE_SETTINGS" /> <!-- ZUK -->
173-->[com.onesignal:OneSignal:4.8.2] AndroidManifest.xml:42:5-93
173-->[com.onesignal:OneSignal:4.8.2] AndroidManifest.xml:42:22-90
174    <uses-permission android:name="android.permission.READ_APP_BADGE" /> <!-- OPPO -->
174-->[com.onesignal:OneSignal:4.8.2] AndroidManifest.xml:43:5-73
174-->[com.onesignal:OneSignal:4.8.2] AndroidManifest.xml:43:22-70
175    <uses-permission android:name="com.oppo.launcher.permission.READ_SETTINGS" />
175-->[com.onesignal:OneSignal:4.8.2] AndroidManifest.xml:44:5-82
175-->[com.onesignal:OneSignal:4.8.2] AndroidManifest.xml:44:22-79
176    <uses-permission android:name="com.oppo.launcher.permission.WRITE_SETTINGS" /> <!-- EvMe -->
176-->[com.onesignal:OneSignal:4.8.2] AndroidManifest.xml:45:5-83
176-->[com.onesignal:OneSignal:4.8.2] AndroidManifest.xml:45:22-80
177    <uses-permission android:name="me.everything.badger.permission.BADGE_COUNT_READ" />
177-->[com.onesignal:OneSignal:4.8.2] AndroidManifest.xml:46:5-88
177-->[com.onesignal:OneSignal:4.8.2] AndroidManifest.xml:46:22-85
178    <uses-permission android:name="me.everything.badger.permission.BADGE_COUNT_WRITE" />
178-->[com.onesignal:OneSignal:4.8.2] AndroidManifest.xml:47:5-89
178-->[com.onesignal:OneSignal:4.8.2] AndroidManifest.xml:47:22-86
179
180    <uses-feature
180-->[com.google.android.gms:play-services-maps:18.0.0] AndroidManifest.xml:26:5-28:35
181        android:glEsVersion="0x00020000"
181-->[com.google.android.gms:play-services-maps:18.0.0] AndroidManifest.xml:27:9-41
182        android:required="true" />
182-->[com.google.android.gms:play-services-maps:18.0.0] AndroidManifest.xml:28:9-32
183
184    <uses-permission android:name="android.permission.FOREGROUND_SERVICE" />
184-->[androidx.work:work-runtime:2.7.1] AndroidManifest.xml:28:5-77
184-->[androidx.work:work-runtime:2.7.1] AndroidManifest.xml:28:22-74
185    <uses-permission android:name="com.google.android.finsky.permission.BIND_GET_INSTALL_REFERRER_SERVICE" />
185-->[com.android.installreferrer:installreferrer:1.1.2] AndroidManifest.xml:9:5-110
185-->[com.android.installreferrer:installreferrer:1.1.2] AndroidManifest.xml:9:22-107
186    <uses-permission android:name="android.permission.WRITE_EXTERNAL_STORAGE" />
186-->[com.tom_roush:pdfbox-android:1.8.10.0] AndroidManifest.xml:11:5-81
186-->[com.tom_roush:pdfbox-android:1.8.10.0] AndroidManifest.xml:11:22-78
187    <uses-permission android:name="android.permission.READ_EXTERNAL_STORAGE" />
188
189    <application
189-->src/main/AndroidManifest.xml:7:5-33:19
190        android:name="com.businessapp.MainApplication"
190-->src/main/AndroidManifest.xml:8:7-38
191        android:allowBackup="false"
191-->src/main/AndroidManifest.xml:12:7-34
192        android:appComponentFactory="androidx.core.app.CoreComponentFactory"
192-->[androidx.core:core:1.6.0] AndroidManifest.xml:24:18-86
193        android:debuggable="true"
194        android:icon="@mipmap/ic_launcher"
194-->src/main/AndroidManifest.xml:10:7-41
195        android:label="@string/app_name"
195-->src/main/AndroidManifest.xml:9:7-39
196        android:roundIcon="@mipmap/ic_launcher_round"
196-->src/main/AndroidManifest.xml:11:7-52
197        android:testOnly="true"
198        android:theme="@style/AppTheme"
198-->src/main/AndroidManifest.xml:13:7-38
199        android:usesCleartextTraffic="true" >
199-->src/debug/AndroidManifest.xml:8:9-44
200        <activity android:name="com.facebook.react.devsupport.DevSettingsActivity" />
200-->src/debug/AndroidManifest.xml:11:9-86
200-->src/debug/AndroidManifest.xml:11:19-83
201
202        <meta-data
202-->src/main/AndroidManifest.xml:14:8-16:66
203            android:name="com.google.android.maps.v2.API_KEY"
203-->src/main/AndroidManifest.xml:15:9-58
204            android:value="AIzaSyCcHUgx-vm4-vUV0i-dCcrdpmKgYZ1EmEs" />
204-->src/main/AndroidManifest.xml:16:9-64
205
206        <uses-library
206-->src/main/AndroidManifest.xml:17:7-85
207            android:name="org.apache.http.legacy"
207-->src/main/AndroidManifest.xml:17:21-58
208            android:required="false" />
208-->src/main/AndroidManifest.xml:17:59-83
209
210        <activity
210-->src/main/AndroidManifest.xml:18:7-29:18
211            android:name="com.businessapp.MainActivity"
211-->src/main/AndroidManifest.xml:19:9-37
212            android:configChanges="keyboard|keyboardHidden|orientation|screenSize|uiMode"
212-->src/main/AndroidManifest.xml:21:9-86
213            android:exported="true"
213-->src/main/AndroidManifest.xml:24:9-32
214            android:label="@string/app_name"
214-->src/main/AndroidManifest.xml:20:9-41
215            android:launchMode="singleTask"
215-->src/main/AndroidManifest.xml:22:9-40
216            android:windowSoftInputMode="adjustResize" >
216-->src/main/AndroidManifest.xml:23:9-51
217            <intent-filter>
217-->src/main/AndroidManifest.xml:25:9-28:25
218                <action android:name="android.intent.action.MAIN" />
218-->src/main/AndroidManifest.xml:26:13-65
218-->src/main/AndroidManifest.xml:26:21-62
219
220                <category android:name="android.intent.category.LAUNCHER" />
220-->src/main/AndroidManifest.xml:27:13-73
220-->src/main/AndroidManifest.xml:27:23-70
221            </intent-filter>
222        </activity>
223
224        <meta-data
224-->src/main/AndroidManifest.xml:30:7-32:51
225            android:name="com.facebook.sdk.ApplicationId"
225-->src/main/AndroidManifest.xml:31:9-54
226            android:value="@string/facebook_app_id" /> <!-- Disable crashlytics by default so we can custom init with CrashlyticsNdk support -->
226-->src/main/AndroidManifest.xml:32:9-48
227        <meta-data
227-->[:react-native-firebase_crashlytics] AndroidManifest.xml:14:9-16:37
228            android:name="firebase_crashlytics_collection_enabled"
228-->[:react-native-firebase_crashlytics] AndroidManifest.xml:15:13-67
229            android:value="false" />
229-->[:react-native-firebase_crashlytics] AndroidManifest.xml:16:13-34
230
231        <provider
231-->[:react-native-firebase_crashlytics] AndroidManifest.xml:18:9-22:38
232            android:name="io.invertase.firebase.crashlytics.ReactNativeFirebaseCrashlyticsInitProvider"
232-->[:react-native-firebase_crashlytics] AndroidManifest.xml:19:13-104
233            android:authorities="com.businessapp.reactnativefirebasecrashlyticsinitprovider"
233-->[:react-native-firebase_crashlytics] AndroidManifest.xml:20:13-94
234            android:exported="false"
234-->[:react-native-firebase_crashlytics] AndroidManifest.xml:21:13-37
235            android:initOrder="98" />
235-->[:react-native-firebase_crashlytics] AndroidManifest.xml:22:13-35
236
237        <meta-data
237-->[:react-native-firebase_app] AndroidManifest.xml:13:9-15:36
238            android:name="app_data_collection_default_enabled"
238-->[:react-native-firebase_app] AndroidManifest.xml:14:13-63
239            android:value="true" />
239-->[:react-native-firebase_app] AndroidManifest.xml:15:13-33
240
241        <service
241-->[:react-native-firebase_app] AndroidManifest.xml:17:9-25:19
242            android:name="com.google.firebase.components.ComponentDiscoveryService"
242-->[:react-native-firebase_app] AndroidManifest.xml:18:13-84
243            android:directBootAware="true"
243-->[:react-native-firebase_app] AndroidManifest.xml:19:13-43
244            android:exported="false" >
244-->[:react-native-firebase_app] AndroidManifest.xml:20:13-37
245            <meta-data
245-->[:react-native-firebase_app] AndroidManifest.xml:22:13-24:85
246                android:name="com.google.firebase.components:io.invertase.firebase.app.ReactNativeFirebaseAppRegistrar"
246-->[:react-native-firebase_app] AndroidManifest.xml:23:17-120
247                android:value="com.google.firebase.components.ComponentRegistrar" />
247-->[:react-native-firebase_app] AndroidManifest.xml:24:17-82
248            <meta-data
248-->[com.google.firebase:firebase-crashlytics-ndk:18.2.13] AndroidManifest.xml:35:13-37:85
249                android:name="com.google.firebase.components:com.google.firebase.crashlytics.ndk.CrashlyticsNdkRegistrar"
249-->[com.google.firebase:firebase-crashlytics-ndk:18.2.13] AndroidManifest.xml:36:17-122
250                android:value="com.google.firebase.components.ComponentRegistrar" />
250-->[com.google.firebase:firebase-crashlytics-ndk:18.2.13] AndroidManifest.xml:37:17-82
251            <meta-data
251-->[com.google.firebase:firebase-crashlytics:18.2.13] AndroidManifest.xml:18:13-20:85
252                android:name="com.google.firebase.components:com.google.firebase.crashlytics.CrashlyticsRegistrar"
252-->[com.google.firebase:firebase-crashlytics:18.2.13] AndroidManifest.xml:19:17-115
253                android:value="com.google.firebase.components.ComponentRegistrar" />
253-->[com.google.firebase:firebase-crashlytics:18.2.13] AndroidManifest.xml:20:17-82
254            <meta-data
254-->[com.google.firebase:firebase-messaging:23.0.8] AndroidManifest.xml:56:13-58:85
255                android:name="com.google.firebase.components:com.google.firebase.messaging.FirebaseMessagingRegistrar"
255-->[com.google.firebase:firebase-messaging:23.0.8] AndroidManifest.xml:57:17-119
256                android:value="com.google.firebase.components.ComponentRegistrar" />
256-->[com.google.firebase:firebase-messaging:23.0.8] AndroidManifest.xml:58:17-82
257            <meta-data
257-->[com.google.firebase:firebase-datatransport:18.1.6] AndroidManifest.xml:28:13-30:85
258                android:name="com.google.firebase.components:com.google.firebase.datatransport.TransportRegistrar"
258-->[com.google.firebase:firebase-datatransport:18.1.6] AndroidManifest.xml:29:17-115
259                android:value="com.google.firebase.components.ComponentRegistrar" />
259-->[com.google.firebase:firebase-datatransport:18.1.6] AndroidManifest.xml:30:17-82
260            <meta-data
260-->[com.google.firebase:firebase-installations:17.0.3] AndroidManifest.xml:18:13-20:85
261                android:name="com.google.firebase.components:com.google.firebase.installations.FirebaseInstallationsRegistrar"
261-->[com.google.firebase:firebase-installations:17.0.3] AndroidManifest.xml:19:17-127
262                android:value="com.google.firebase.components.ComponentRegistrar" />
262-->[com.google.firebase:firebase-installations:17.0.3] AndroidManifest.xml:20:17-82
263        </service>
264
265        <provider
265-->[:react-native-firebase_app] AndroidManifest.xml:27:9-31:38
266            android:name="io.invertase.firebase.app.ReactNativeFirebaseAppInitProvider"
266-->[:react-native-firebase_app] AndroidManifest.xml:28:13-88
267            android:authorities="com.businessapp.reactnativefirebaseappinitprovider"
267-->[:react-native-firebase_app] AndroidManifest.xml:29:13-86
268            android:exported="false"
268-->[:react-native-firebase_app] AndroidManifest.xml:30:13-37
269            android:initOrder="99" />
269-->[:react-native-firebase_app] AndroidManifest.xml:31:13-35
270
271        <meta-data
271-->[:sentry_react-native] AndroidManifest.xml:15:9-17:37
272            android:name="io.sentry.auto-init"
272-->[:sentry_react-native] AndroidManifest.xml:16:13-47
273            android:value="false" />
273-->[:sentry_react-native] AndroidManifest.xml:17:13-34
274
275        <provider
275-->[:react-native-image-picker] AndroidManifest.xml:12:9-20:20
276            android:name="com.imagepicker.ImagePickerProvider"
276-->[:react-native-image-picker] AndroidManifest.xml:13:13-63
277            android:authorities="com.businessapp.imagepickerprovider"
277-->[:react-native-image-picker] AndroidManifest.xml:14:13-71
278            android:exported="false"
278-->[:react-native-image-picker] AndroidManifest.xml:15:13-37
279            android:grantUriPermissions="true" >
279-->[:react-native-image-picker] AndroidManifest.xml:16:13-47
280            <meta-data
280-->[:react-native-image-picker] AndroidManifest.xml:17:13-19:70
281                android:name="android.support.FILE_PROVIDER_PATHS"
281-->[:react-native-image-picker] AndroidManifest.xml:18:17-67
282                android:resource="@xml/imagepicker_provider_paths" />
282-->[:react-native-image-picker] AndroidManifest.xml:19:17-67
283        </provider>
284        <provider
284-->[:react-native-webview] AndroidManifest.xml:12:9-20:20
285            android:name="com.reactnativecommunity.webview.RNCWebViewFileProvider"
285-->[:react-native-webview] AndroidManifest.xml:13:13-83
286            android:authorities="com.businessapp.fileprovider"
286-->[:react-native-webview] AndroidManifest.xml:14:13-64
287            android:exported="false"
287-->[:react-native-webview] AndroidManifest.xml:15:13-37
288            android:grantUriPermissions="true" >
288-->[:react-native-webview] AndroidManifest.xml:16:13-47
289            <meta-data
289-->[:react-native-image-picker] AndroidManifest.xml:17:13-19:70
290                android:name="android.support.FILE_PROVIDER_PATHS"
290-->[:react-native-image-picker] AndroidManifest.xml:18:17-67
291                android:resource="@xml/file_provider_paths" />
291-->[:react-native-image-picker] AndroidManifest.xml:19:17-67
292        </provider>
293
294        <receiver
294-->[com.onesignal:OneSignal:4.8.2] AndroidManifest.xml:50:9-61:20
295            android:name="com.onesignal.FCMBroadcastReceiver"
295-->[com.onesignal:OneSignal:4.8.2] AndroidManifest.xml:51:13-62
296            android:exported="true"
296-->[com.onesignal:OneSignal:4.8.2] AndroidManifest.xml:52:13-36
297            android:permission="com.google.android.c2dm.permission.SEND" >
297-->[com.onesignal:OneSignal:4.8.2] AndroidManifest.xml:53:13-73
298
299            <!-- High priority so OneSignal payloads can be filtered from other FCM receivers -->
300            <intent-filter android:priority="999" >